<?xml version="1.0" encoding="UTF-8"?>
<!-- Generated by org.testng.reporters.JUnitXMLReporter -->
<testsuite ignored="0" hostname="DESKTOP-GTA4HK7" failures="0" tests="4" name="APEXTests" time="44.688" errors="0" timestamp="09 oct. 2023 20:27:29 GMT">
  <testcase classname="com.liverpool.tests.APEXTestsScenarios" name="APEXScenario1Sol1" time="7.798"/>
  <testcase classname="com.liverpool.tests.APEXTestsScenarios" name="APEXScenario1Sol2" time="4.979"/>
  <testcase classname="com.liverpool.tests.APEXTestsScenarios" name="APEXScenario2" time="7.536"/>
  <testcase classname="com.liverpool.tests.APEXTestsScenarios" name="APEXScenario3" time="3.851"/>
</testsuite> <!-- APEXTests -->
