<?xml version="1.0" encoding="UTF-8"?>
<!-- Generated by org.testng.reporters.JUnitXMLReporter -->
<testsuite ignored="1" hostname="DESKTOP-GTA4HK7" failures="1" tests="1" name="APEXScenario1-Test" time="8.081" errors="0" timestamp="06 oct. 2023 22:56:31 GMT">
  <testcase classname="com.liverpool.tests.APEXTestsScenarios" name="APEXScenario2" time="2.91">
    <failure type="java.lang.AssertionError" message="Either Size or Price Categorie or both are not displaying expected [true] but found [false]">
      <![CDATA[java.lang.AssertionError: Either Size or Price Categorie or both are not displaying expected [true] but found [false]
at com.liverpool.tests.APEXTestsScenarios.APEXScenario2(APEXTestsScenarios.java:51)
... Removed 28 stack frames]]>
    </failure>
  </testcase> <!-- APEXScenario2 -->
  <testcase classname="com.liverpool.tests.APEXTestsScenarios" name="APEXScenario1" time="0.0">
    <ignored/>
  </testcase> <!-- APEXScenario1 -->
</testsuite> <!-- APEXScenario1-Test -->
