<?xml version="1.0" encoding="UTF-8"?>
<!-- Generated by org.testng.reporters.JUnitXMLReporter -->
<testsuite ignored="3" hostname="DESKTOP-GTA4HK7" failures="0" tests="1" name="Scenario3" time="11.56" errors="0" timestamp="09 oct. 2023 18:32:38 GMT">
  <testcase classname="com.liverpool.tests.APEXTestsScenarios" name="APEXScenario3" time="4.872"/>
  <testcase classname="com.liverpool.tests.APEXTestsScenarios" name="APEXScenario1Sol1" time="0.0">
    <ignored/>
  </testcase> <!-- APEXScenario1Sol1 -->
  <testcase classname="com.liverpool.tests.APEXTestsScenarios" name="APEXScenario2" time="0.0">
    <ignored/>
  </testcase> <!-- APEXScenario2 -->
  <testcase classname="com.liverpool.tests.APEXTestsScenarios" name="APEXScenario1Sol2" time="0.0">
    <ignored/>
  </testcase> <!-- APEXScenario1Sol2 -->
</testsuite> <!-- Scenario3 -->
