<?xml version="1.0" encoding="UTF-8"?>
<testng-results ignored="0" total="4" passed="4" failed="0" skipped="0">
  <reporter-output>
  </reporter-output>
  <suite started-at="2023-10-09T20:26:44Z" name="APEXTests" finished-at="2023-10-09T20:27:29Z" duration-ms="44688">
    <groups>
      <group name="demo">
        <method signature="APEXTestsScenarios.APEXScenario1Sol1()[pri:0, instance:com.liverpool.tests.APEXTestsScenarios@5b43fbf6]" name="APEXScenario1Sol1" class="com.liverpool.tests.APEXTestsScenarios"/>
        <method signature="APEXTestsScenarios.APEXScenario1Sol2()[pri:0, instance:com.liverpool.tests.APEXTestsScenarios@5b43fbf6]" name="APEXScenario1Sol2" class="com.liverpool.tests.APEXTestsScenarios"/>
      </group> <!-- demo -->
    </groups>
    <test started-at="2023-10-09T20:26:44Z" name="APEXTests" finished-at="2023-10-09T20:27:29Z" duration-ms="44688">
      <class name="com.liverpool.tests.APEXTestsScenarios">
        <test-method is-config="true" signature="beforeTest(java.lang.String, java.lang.String)[pri:0, instance:com.liverpool.tests.APEXTestsScenarios@5b43fbf6]" started-at="2023-10-09T20:26:44Z" name="beforeTest" finished-at="2023-10-09T20:26:49Z" duration-ms="5274" status="PASS">
          <params>
            <param index="0">
              <value>
                <![CDATA[chrome]]>
              </value>
            </param>
            <param index="1">
              <value>
                <![CDATA[https://www.liverpool.com.mx/tienda/home]]>
              </value>
            </param>
          </params>
          <reporter-output>
          </reporter-output>
        </test-method> <!-- beforeTest -->
        <test-method signature="APEXScenario1Sol1()[pri:0, instance:com.liverpool.tests.APEXTestsScenarios@5b43fbf6]" started-at="2023-10-09T20:26:49Z" name="APEXScenario1Sol1" finished-at="2023-10-09T20:26:57Z" duration-ms="7798" status="PASS">
          <reporter-output>
          </reporter-output>
        </test-method> <!-- APEXScenario1Sol1 -->
        <test-method is-config="true" signature="afterTest()[pri:0, instance:com.liverpool.tests.APEXTestsScenarios@5b43fbf6]" started-at="2023-10-09T20:26:57Z" name="afterTest" finished-at="2023-10-09T20:26:57Z" duration-ms="155" status="PASS">
          <reporter-output>
          </reporter-output>
        </test-method> <!-- afterTest -->
        <test-method is-config="true" signature="beforeTest(java.lang.String, java.lang.String)[pri:0, instance:com.liverpool.tests.APEXTestsScenarios@5b43fbf6]" started-at="2023-10-09T20:26:57Z" name="beforeTest" finished-at="2023-10-09T20:27:02Z" duration-ms="4589" status="PASS">
          <params>
            <param index="0">
              <value>
                <![CDATA[chrome]]>
              </value>
            </param>
            <param index="1">
              <value>
                <![CDATA[https://www.liverpool.com.mx/tienda/home]]>
              </value>
            </param>
          </params>
          <reporter-output>
          </reporter-output>
        </test-method> <!-- beforeTest -->
        <test-method signature="APEXScenario1Sol2()[pri:0, instance:com.liverpool.tests.APEXTestsScenarios@5b43fbf6]" started-at="2023-10-09T20:27:02Z" name="APEXScenario1Sol2" finished-at="2023-10-09T20:27:07Z" duration-ms="4979" status="PASS">
          <reporter-output>
          </reporter-output>
        </test-method> <!-- APEXScenario1Sol2 -->
        <test-method is-config="true" signature="afterTest()[pri:0, instance:com.liverpool.tests.APEXTestsScenarios@5b43fbf6]" started-at="2023-10-09T20:27:07Z" name="afterTest" finished-at="2023-10-09T20:27:07Z" duration-ms="164" status="PASS">
          <reporter-output>
          </reporter-output>
        </test-method> <!-- afterTest -->
        <test-method is-config="true" signature="beforeTest(java.lang.String, java.lang.String)[pri:0, instance:com.liverpool.tests.APEXTestsScenarios@5b43fbf6]" started-at="2023-10-09T20:27:07Z" name="beforeTest" finished-at="2023-10-09T20:27:11Z" duration-ms="4636" status="PASS">
          <params>
            <param index="0">
              <value>
                <![CDATA[chrome]]>
              </value>
            </param>
            <param index="1">
              <value>
                <![CDATA[https://www.liverpool.com.mx/tienda/home]]>
              </value>
            </param>
          </params>
          <reporter-output>
          </reporter-output>
        </test-method> <!-- beforeTest -->
        <test-method signature="APEXScenario2()[pri:0, instance:com.liverpool.tests.APEXTestsScenarios@5b43fbf6]" started-at="2023-10-09T20:27:11Z" name="APEXScenario2" finished-at="2023-10-09T20:27:19Z" duration-ms="7536" status="PASS">
          <reporter-output>
          </reporter-output>
        </test-method> <!-- APEXScenario2 -->
        <test-method is-config="true" signature="afterTest()[pri:0, instance:com.liverpool.tests.APEXTestsScenarios@5b43fbf6]" started-at="2023-10-09T20:27:19Z" name="afterTest" finished-at="2023-10-09T20:27:19Z" duration-ms="166" status="PASS">
          <reporter-output>
          </reporter-output>
        </test-method> <!-- afterTest -->
        <test-method is-config="true" signature="beforeTest(java.lang.String, java.lang.String)[pri:0, instance:com.liverpool.tests.APEXTestsScenarios@5b43fbf6]" started-at="2023-10-09T20:27:19Z" name="beforeTest" finished-at="2023-10-09T20:27:25Z" duration-ms="5356" status="PASS">
          <params>
            <param index="0">
              <value>
                <![CDATA[chrome]]>
              </value>
            </param>
            <param index="1">
              <value>
                <![CDATA[https://www.liverpool.com.mx/tienda/home]]>
              </value>
            </param>
          </params>
          <reporter-output>
          </reporter-output>
        </test-method> <!-- beforeTest -->
        <test-method signature="APEXScenario3()[pri:0, instance:com.liverpool.tests.APEXTestsScenarios@5b43fbf6]" started-at="2023-10-09T20:27:25Z" name="APEXScenario3" finished-at="2023-10-09T20:27:28Z" duration-ms="3851" status="PASS">
          <reporter-output>
          </reporter-output>
        </test-method> <!-- APEXScenario3 -->
        <test-method is-config="true" signature="afterTest()[pri:0, instance:com.liverpool.tests.APEXTestsScenarios@5b43fbf6]" started-at="2023-10-09T20:27:28Z" name="afterTest" finished-at="2023-10-09T20:27:29Z" duration-ms="168" status="PASS">
          <reporter-output>
          </reporter-output>
        </test-method> <!-- afterTest -->
      </class> <!-- com.liverpool.tests.APEXTestsScenarios -->
    </test> <!-- APEXTests -->
  </suite> <!-- APEXTests -->
</testng-results>
