<?xml version="1.0" encoding="UTF-8"?>
<testng-results ignored="0" total="4" passed="4" failed="0" skipped="0">
  <reporter-output>
  </reporter-output>
  <suite started-at="2023-11-08T19:58:42Z" name="APEXTests" finished-at="2023-11-08T19:59:54Z" duration-ms="71659">
    <groups>
      <group name="demo">
        <method signature="APEXTestsScenarios.APEXScenario1Sol1()[pri:0, instance:com.liverpool.tests.APEXTestsScenarios@41813449]" name="APEXScenario1Sol1" class="com.liverpool.tests.APEXTestsScenarios"/>
        <method signature="APEXTestsScenarios.APEXScenario1Sol2()[pri:0, instance:com.liverpool.tests.APEXTestsScenarios@41813449]" name="APEXScenario1Sol2" class="com.liverpool.tests.APEXTestsScenarios"/>
      </group> <!-- demo -->
    </groups>
    <test started-at="2023-11-08T19:58:42Z" name="APEXTests" finished-at="2023-11-08T19:59:54Z" duration-ms="71659">
      <class name="com.liverpool.tests.APEXTestsScenarios">
        <test-method is-config="true" signature="beforeTest(java.lang.String, java.lang.String)[pri:0, instance:com.liverpool.tests.APEXTestsScenarios@41813449]" started-at="2023-11-08T19:58:42Z" name="beforeTest" finished-at="2023-11-08T19:58:45Z" duration-ms="3356" status="PASS">
          <params>
            <param index="0">
              <value>
                <![CDATA[chrome]]>
              </value>
            </param>
            <param index="1">
              <value>
                <![CDATA[https://www.liverpool.com.mx/tienda/home]]>
              </value>
            </param>
          </params>
          <reporter-output>
          </reporter-output>
        </test-method> <!-- beforeTest -->
        <test-method signature="APEXScenario1Sol1()[pri:0, instance:com.liverpool.tests.APEXTestsScenarios@41813449]" started-at="2023-11-08T19:58:45Z" name="APEXScenario1Sol1" finished-at="2023-11-08T19:59:33Z" duration-ms="47561" status="PASS">
          <reporter-output>
          </reporter-output>
        </test-method> <!-- APEXScenario1Sol1 -->
        <test-method is-config="true" signature="afterTest()[pri:0, instance:com.liverpool.tests.APEXTestsScenarios@41813449]" started-at="2023-11-08T19:59:33Z" name="afterTest" finished-at="2023-11-08T19:59:33Z" duration-ms="144" status="PASS">
          <reporter-output>
          </reporter-output>
        </test-method> <!-- afterTest -->
        <test-method is-config="true" signature="beforeTest(java.lang.String, java.lang.String)[pri:0, instance:com.liverpool.tests.APEXTestsScenarios@41813449]" started-at="2023-11-08T19:59:33Z" name="beforeTest" finished-at="2023-11-08T19:59:35Z" duration-ms="2491" status="PASS">
          <params>
            <param index="0">
              <value>
                <![CDATA[chrome]]>
              </value>
            </param>
            <param index="1">
              <value>
                <![CDATA[https://www.liverpool.com.mx/tienda/home]]>
              </value>
            </param>
          </params>
          <reporter-output>
          </reporter-output>
        </test-method> <!-- beforeTest -->
        <test-method signature="APEXScenario1Sol2()[pri:0, instance:com.liverpool.tests.APEXTestsScenarios@41813449]" started-at="2023-11-08T19:59:35Z" name="APEXScenario1Sol2" finished-at="2023-11-08T19:59:39Z" duration-ms="3803" status="PASS">
          <reporter-output>
          </reporter-output>
        </test-method> <!-- APEXScenario1Sol2 -->
        <test-method is-config="true" signature="afterTest()[pri:0, instance:com.liverpool.tests.APEXTestsScenarios@41813449]" started-at="2023-11-08T19:59:39Z" name="afterTest" finished-at="2023-11-08T19:59:39Z" duration-ms="135" status="PASS">
          <reporter-output>
          </reporter-output>
        </test-method> <!-- afterTest -->
        <test-method is-config="true" signature="beforeTest(java.lang.String, java.lang.String)[pri:0, instance:com.liverpool.tests.APEXTestsScenarios@41813449]" started-at="2023-11-08T19:59:39Z" name="beforeTest" finished-at="2023-11-08T19:59:42Z" duration-ms="2118" status="PASS">
          <params>
            <param index="0">
              <value>
                <![CDATA[chrome]]>
              </value>
            </param>
            <param index="1">
              <value>
                <![CDATA[https://www.liverpool.com.mx/tienda/home]]>
              </value>
            </param>
          </params>
          <reporter-output>
          </reporter-output>
        </test-method> <!-- beforeTest -->
        <test-method signature="APEXScenario2()[pri:0, instance:com.liverpool.tests.APEXTestsScenarios@41813449]" started-at="2023-11-08T19:59:42Z" name="APEXScenario2" finished-at="2023-11-08T19:59:48Z" duration-ms="6373" status="PASS">
          <reporter-output>
          </reporter-output>
        </test-method> <!-- APEXScenario2 -->
        <test-method is-config="true" signature="afterTest()[pri:0, instance:com.liverpool.tests.APEXTestsScenarios@41813449]" started-at="2023-11-08T19:59:48Z" name="afterTest" finished-at="2023-11-08T19:59:48Z" duration-ms="138" status="PASS">
          <reporter-output>
          </reporter-output>
        </test-method> <!-- afterTest -->
        <test-method is-config="true" signature="beforeTest(java.lang.String, java.lang.String)[pri:0, instance:com.liverpool.tests.APEXTestsScenarios@41813449]" started-at="2023-11-08T19:59:48Z" name="beforeTest" finished-at="2023-11-08T19:59:51Z" duration-ms="2471" status="PASS">
          <params>
            <param index="0">
              <value>
                <![CDATA[chrome]]>
              </value>
            </param>
            <param index="1">
              <value>
                <![CDATA[https://www.liverpool.com.mx/tienda/home]]>
              </value>
            </param>
          </params>
          <reporter-output>
          </reporter-output>
        </test-method> <!-- beforeTest -->
        <test-method signature="APEXScenario3()[pri:0, instance:com.liverpool.tests.APEXTestsScenarios@41813449]" started-at="2023-11-08T19:59:51Z" name="APEXScenario3" finished-at="2023-11-08T19:59:53Z" duration-ms="2878" status="PASS">
          <reporter-output>
          </reporter-output>
        </test-method> <!-- APEXScenario3 -->
        <test-method is-config="true" signature="afterTest()[pri:0, instance:com.liverpool.tests.APEXTestsScenarios@41813449]" started-at="2023-11-08T19:59:53Z" name="afterTest" finished-at="2023-11-08T19:59:54Z" duration-ms="170" status="PASS">
          <reporter-output>
          </reporter-output>
        </test-method> <!-- afterTest -->
      </class> <!-- com.liverpool.tests.APEXTestsScenarios -->
    </test> <!-- APEXTests -->
  </suite> <!-- APEXTests -->
</testng-results>
