<?xml version="1.0" encoding="UTF-8"?>
<!-- Generated by org.testng.reporters.JUnitReportReporter -->
<testsuite hostname="DESKTOP-GTA4HK7" failures="0" tests="4" name="com.liverpool.tests.APEXTestsScenarios" time="71.638" errors="0" timestamp="08 nov. 2023 19:59:54 GMT" skipped="0">
  <testcase classname="com.liverpool.tests.APEXTestsScenarios" name="APEXScenario1Sol2" time="6.438"/>
  <testcase classname="com.liverpool.tests.APEXTestsScenarios" name="APEXScenario1Sol1" time="51.052"/>
  <testcase classname="com.liverpool.tests.APEXTestsScenarios" name="APEXScenario2" time="8.661"/>
  <testcase classname="com.liverpool.tests.APEXTestsScenarios" name="APEXScenario3" time="5.487"/>
</testsuite> <!-- com.liverpool.tests.APEXTestsScenarios -->
