<?xml version="1.0" encoding="UTF-8"?>
<!-- Generated by org.testng.reporters.JUnitXMLReporter -->
<testsuite ignored="0" hostname="DESKTOP-GTA4HK7" failures="0" tests="4" name="APEXTests" time="71.659" errors="0" timestamp="08 nov. 2023 19:59:54 GMT">
  <testcase classname="com.liverpool.tests.APEXTestsScenarios" name="APEXScenario1Sol1" time="47.561"/>
  <testcase classname="com.liverpool.tests.APEXTestsScenarios" name="APEXScenario1Sol2" time="3.803"/>
  <testcase classname="com.liverpool.tests.APEXTestsScenarios" name="APEXScenario2" time="6.373"/>
  <testcase classname="com.liverpool.tests.APEXTestsScenarios" name="APEXScenario3" time="2.878"/>
</testsuite> <!-- APEXTests -->
