<?xml version="1.0" encoding="UTF-8"?>
<!-- Generated by org.testng.reporters.JUnitXMLReporter -->
<testsuite ignored="0" hostname="DESKTOP-GTA4HK7" failures="2" tests="2" name="APEXScenario1-Test" time="0.046" errors="0" timestamp="09 oct. 2023 04:15:41 GMT">
  <testcase classname="com.liverpool.tests.APEXTestsScenarios" name="APEXScenario1Sol1" time="0.023">
    <failure type="java.lang.NullPointerException" message="Cannot invoke &amp;quot;org.openqa.selenium.SearchContext.findElement(org.openqa.selenium.By)&amp;quot; because &amp;quot;this.searchContext&amp;quot; is null">
      <![CDATA[java.lang.NullPointerException: Cannot invoke "org.openqa.selenium.SearchContext.findElement(org.openqa.selenium.By)" because "this.searchContext" is null
at org.openqa.selenium.support.pagefactory.DefaultElementLocator.findElement(DefaultElementLocator.java:69)
at org.openqa.selenium.support.pagefactory.internal.LocatingElementHandler.invoke(LocatingElementHandler.java:38)
at jdk.proxy2/jdk.proxy2.$Proxy14.sendKeys(Unknown Source)
at utilities.Utils.sendText(Utils.java:19)
at com.liverpool.pages.HomePage.typeOnSearchBar(HomePage.java:63)
at com.liverpool.tests.APEXTestsScenarios.APEXScenario1Sol1(APEXTestsScenarios.java:25)
... Removed 25 stack frames]]>
    </failure>
  </testcase> <!-- APEXScenario1Sol1 -->
  <testcase classname="com.liverpool.tests.APEXTestsScenarios" name="APEXScenario1Sol1" time="0.038">
    <failure type="java.lang.NullPointerException" message="Cannot invoke &amp;quot;org.openqa.selenium.TakesScreenshot.getScreenshotAs(org.openqa.selenium.OutputType)&amp;quot; because &amp;quot;driver&amp;quot; is null">
      <![CDATA[java.lang.NullPointerException: Cannot invoke "org.openqa.selenium.TakesScreenshot.getScreenshotAs(org.openqa.selenium.OutputType)" because "driver" is null
at utilities.Utils.getScreenshotPath(Utils.java:43)
at utilities.Listeners.onTestFailure(Listeners.java:45)
... Removed 22 stack frames]]>
    </failure>
  </testcase> <!-- APEXScenario1Sol1 -->
</testsuite> <!-- APEXScenario1-Test -->
